<?xml version="1.0" encoding="UTF-8"?>
<testng-results ignored="0" total="2" passed="2" failed="0" skipped="0">
  <reporter-output>
  </reporter-output>
  <suite started-at="2022-09-15T21:04:41 IST" name="Default suite" finished-at="2022-09-15T21:04:41 IST" duration-ms="44">
    <groups>
    </groups>
    <test started-at="2022-09-15T21:04:41 IST" name="Default test" finished-at="2022-09-15T21:04:41 IST" duration-ms="44">
      <class name="MVN_Pack.DemoMvnTest">
        <test-method signature="branchTest()[pri:0, instance:MVN_Pack.DemoMvnTest@1a4013]" started-at="2022-09-15T21:04:41 IST" name="branchTest" finished-at="2022-09-15T21:04:41 IST" duration-ms="7" status="PASS">
          <reporter-output>
          </reporter-output>
        </test-method> <!-- branchTest -->
        <test-method signature="demoTest()[pri:0, instance:MVN_Pack.DemoMvnTest@1a4013]" started-at="2022-09-15T21:04:41 IST" name="demoTest" finished-at="2022-09-15T21:04:41 IST" duration-ms="1" status="PASS">
          <reporter-output>
          </reporter-output>
        </test-method> <!-- demoTest -->
      </class> <!-- MVN_Pack.DemoMvnTest -->
    </test> <!-- Default test -->
  </suite> <!-- Default suite -->
</testng-results>
