<?xml version="1.0" encoding="UTF-8"?>
<testng-results ignored="0" total="1" passed="1" failed="0" skipped="0">
  <reporter-output>
  </reporter-output>
  <suite started-at="2022-09-09T11:54:19 IST" name="Default suite" finished-at="2022-09-09T11:54:19 IST" duration-ms="39">
    <groups>
    </groups>
    <test started-at="2022-09-09T11:54:19 IST" name="Default test" finished-at="2022-09-09T11:54:19 IST" duration-ms="39">
      <class name="DDT.ReadDataFromCmdLineTest">
        <test-method signature="readDataCmdLineTest()[pri:0, instance:DDT.ReadDataFromCmdLineTest@1cbb87f3]" started-at="2022-09-09T11:54:19 IST" name="readDataCmdLineTest" finished-at="2022-09-09T11:54:19 IST" duration-ms="6" status="PASS">
          <reporter-output>
          </reporter-output>
        </test-method> <!-- readDataCmdLineTest -->
      </class> <!-- DDT.ReadDataFromCmdLineTest -->
    </test> <!-- Default test -->
  </suite> <!-- Default suite -->
</testng-results>
